[ 2015-03-18T02:48:25+08:00 ] 66.249.65.189 /index.php/project/index?l=zh-en
INFO: [ route_check ] --START--
INFO: CheckRoute Behavior ::run [ RunTime:0.000462s ]
INFO: [ route_check ] --END-- [ RunTime:0.000522s ]
INFO: [ app_begin ] --START--
INFO: ReadHtmlCache Behavior ::run [ RunTime:0.000304s ]
INFO: CheckLang Behavior ::run [ RunTime:0.000411s ]
INFO: [ app_begin ] --END-- [ RunTime:0.000788s ]
SQL: SHOW COLUMNS FROM `lj_ad` [ RunTime:0.000674s ]
SQL: SELECT * FROM `lj_ad` WHERE ( `lang` = 'zh-en' ) AND ( `position` = 'all' ) ORDER BY sort DESC  [ RunTime:0.000217s ]
INFO: [ view_parse ] --START--
NOTIC: [8] Undefined variable: info /mnt/lijiaweb/Cache/Runtime/Home/Cache/1407d7899df32763d34ea187e9bb603e.php 第 5 行.
NOTIC: [8] Undefined variable: info /mnt/lijiaweb/Cache/Runtime/Home/Cache/1407d7899df32763d34ea187e9bb603e.php 第 6 行.
INFO: ParseTemplate Behavior ::run [ RunTime:0.006277s ]
INFO: [ view_parse ] --END-- [ RunTime:0.006323s ]
INFO: [ view_filter ] --START--
INFO: ContentReplace Behavior ::run [ RunTime:0.000199s ]
INFO: TokenBuild Behavior ::run [ RunTime:0.000213s ]
INFO: WriteHtmlCache Behavior ::run [ RunTime:0.000157s ]
INFO: ShowRuntime Behavior ::run [ RunTime:0.000266s ]
INFO: [ view_filter ] --END-- [ RunTime:0.000957s ]
INFO: [ view_end ] --START--
INFO: ShowPageTrace Behavior ::run [ RunTime:0.000357s ]
INFO: [ view_end ] --END-- [ RunTime:0.000404s ]

[ 2015-03-18T03:42:18+08:00 ] 66.249.65.189 /index.php/zhaopin/index
INFO: [ route_check ] --START--
INFO: CheckRoute Behavior ::run [ RunTime:0.000491s ]
INFO: [ route_check ] --END-- [ RunTime:0.000551s ]
INFO: [ app_begin ] --START--
INFO: ReadHtmlCache Behavior ::run [ RunTime:0.000304s ]
INFO: CheckLang Behavior ::run [ RunTime:0.000437s ]
INFO: [ app_begin ] --END-- [ RunTime:0.000813s ]
SQL: SHOW COLUMNS FROM `lj_zhaopin` [ RunTime:0.000469s ]
ERR: 1146:Table 'lijiawebdb.lj_zhaopin' doesn't exist
 [ SQL语句 ] : SHOW COLUMNS FROM `lj_zhaopin`
SQL: SELECT COUNT(*) AS tp_count FROM `lj_zhaopin` WHERE ( `status` = 1 ) LIMIT 1   [ RunTime:0.000146s ]
ERR: 1146:Table 'lijiawebdb.lj_zhaopin' doesn't exist
 [ SQL语句 ] : SELECT COUNT(*) AS tp_count FROM `lj_zhaopin` WHERE ( `status` = 1 ) LIMIT 1  
SQL: SELECT * FROM `lj_zhaopin` WHERE ( `status` = 1 ) ORDER BY addtime desc LIMIT 0, 3   [ RunTime:0.000107s ]
ERR: 1146:Table 'lijiawebdb.lj_zhaopin' doesn't exist
 [ SQL语句 ] : SELECT * FROM `lj_zhaopin` WHERE ( `status` = 1 ) ORDER BY addtime desc LIMIT 0, 3  
NOTIC: [2] Invalid argument supplied for foreach() /mnt/lijiaweb/Home/Lib/Action/ZhaopinAction.class.php 第 25 行.
INFO: [ view_parse ] --START--
NOTIC: [8] Undefined variable: info /mnt/lijiaweb/Cache/Runtime/Home/Cache/1d7508cadcea5342fdeb1409c0900ce1.php 第 5 行.
NOTIC: [8] Undefined variable: info /mnt/lijiaweb/Cache/Runtime/Home/Cache/1d7508cadcea5342fdeb1409c0900ce1.php 第 6 行.
INFO: ParseTemplate Behavior ::run [ RunTime:0.008132s ]
INFO: [ view_parse ] --END-- [ RunTime:0.008175s ]
INFO: [ view_filter ] --START--
INFO: ContentReplace Behavior ::run [ RunTime:0.000198s ]
INFO: TokenBuild Behavior ::run [ RunTime:0.000237s ]
INFO: WriteHtmlCache Behavior ::run [ RunTime:0.000129s ]
INFO: ShowRuntime Behavior ::run [ RunTime:0.000281s ]
INFO: [ view_filter ] --END-- [ RunTime:0.000962s ]
INFO: [ view_end ] --START--
INFO: ShowPageTrace Behavior ::run [ RunTime:0.000334s ]
INFO: [ view_end ] --END-- [ RunTime:0.000374s ]

[ 2015-03-18T03:46:49+08:00 ] 66.249.65.193 /index.php/regulations/index
INFO: [ route_check ] --START--
INFO: CheckRoute Behavior ::run [ RunTime:0.000527s ]
INFO: [ route_check ] --END-- [ RunTime:0.000588s ]
INFO: [ app_begin ] --START--
INFO: ReadHtmlCache Behavior ::run [ RunTime:0.000344s ]
INFO: CheckLang Behavior ::run [ RunTime:0.000455s ]
INFO: [ app_begin ] --END-- [ RunTime:0.000896s ]
SQL: SHOW COLUMNS FROM `lj_news` [ RunTime:0.000845s ]
SQL: SHOW COLUMNS FROM `lj_category` [ RunTime:0.000406s ]
SQL: SELECT COUNT(*) AS tp_count FROM lj_news n LEFT JOIN lj_category c on c.cid=n.cid WHERE ( n.cid = 80 ) AND ( n.status = 1 ) AND ( n.lang = 'zh-cn' ) LIMIT 1   [ RunTime:0.000254s ]
SQL: SELECT n.id,n.cid,n.title,n.imgsrc,n.summary,n.update_time,n.click,c.name as cname,n.published FROM lj_news n LEFT JOIN lj_category c on c.cid=n.cid WHERE ( n.cid = 80 ) AND ( n.status = 1 ) AND ( n.lang = 'zh-cn' ) ORDER BY id desc LIMIT 0, 12   [ RunTime:0.000180s ]
ERR: 1054:Unknown column 'n.imgsrc' in 'field list'
 [ SQL语句 ] : SELECT n.id,n.cid,n.title,n.imgsrc,n.summary,n.update_time,n.click,c.name as cname,n.published FROM lj_news n LEFT JOIN lj_category c on c.cid=n.cid WHERE ( n.cid = 80 ) AND ( n.status = 1 ) AND ( n.lang = 'zh-cn' ) ORDER BY id desc LIMIT 0, 12  
SQL: SHOW COLUMNS FROM `lj_ad` [ RunTime:0.000441s ]
SQL: SELECT * FROM `lj_ad` WHERE ( `lang` = 'zh-cn' ) AND ( `position` = 'all' ) ORDER BY sort DESC  [ RunTime:0.000218s ]
INFO: [ view_parse ] --START--
NOTIC: [8] Undefined variable: info /mnt/lijiaweb/Cache/Runtime/Home/Cache/3e623ae74f4d251bfedade27efe7fac3.php 第 5 行.
NOTIC: [8] Undefined variable: info /mnt/lijiaweb/Cache/Runtime/Home/Cache/3e623ae74f4d251bfedade27efe7fac3.php 第 6 行.
INFO: ParseTemplate Behavior ::run [ RunTime:0.007905s ]
INFO: [ view_parse ] --END-- [ RunTime:0.007957s ]
INFO: [ view_filter ] --START--
INFO: ContentReplace Behavior ::run [ RunTime:0.000202s ]
INFO: TokenBuild Behavior ::run [ RunTime:0.000218s ]
INFO: WriteHtmlCache Behavior ::run [ RunTime:0.000143s ]
INFO: ShowRuntime Behavior ::run [ RunTime:0.000273s ]
INFO: [ view_filter ] --END-- [ RunTime:0.000957s ]
INFO: [ view_end ] --START--
INFO: ShowPageTrace Behavior ::run [ RunTime:0.000355s ]
INFO: [ view_end ] --END-- [ RunTime:0.000394s ]

[ 2015-03-18T04:06:55+08:00 ] 66.249.65.185 /index.php/lawssystem/index
INFO: [ route_check ] --START--
INFO: CheckRoute Behavior ::run [ RunTime:0.000456s ]
INFO: [ route_check ] --END-- [ RunTime:0.000516s ]
INFO: [ app_begin ] --START--
INFO: ReadHtmlCache Behavior ::run [ RunTime:0.000339s ]
INFO: CheckLang Behavior ::run [ RunTime:0.000396s ]
INFO: [ app_begin ] --END-- [ RunTime:0.000818s ]
NOTIC: [8] Undefined index: user_info /mnt/lijiaweb/Home/Lib/Action/CommonAction.class.php 第 19 行.
SQL: SHOW COLUMNS FROM `lj_ad` [ RunTime:0.000721s ]
SQL: SELECT * FROM `lj_ad` WHERE ( `lang` = 'zh-cn' ) AND ( `position` = 'all' ) ORDER BY sort DESC  [ RunTime:0.000240s ]
SQL: SHOW COLUMNS FROM `lj_lawscountry` [ RunTime:0.000315s ]
ERR: 1146:Table 'lijiawebdb.lj_lawscountry' doesn't exist
 [ SQL语句 ] : SHOW COLUMNS FROM `lj_lawscountry`
NOTIC: [8] Undefined variable: lang /mnt/lijiaweb/Home/Lib/Action/LawssystemAction.class.php 第 20 行.
SQL: SELECT * FROM `lj_lawscountry` WHERE ( `lang` = 'zh-cn' )  [ RunTime:0.000109s ]
ERR: 1146:Table 'lijiawebdb.lj_lawscountry' doesn't exist
 [ SQL语句 ] : SELECT * FROM `lj_lawscountry` WHERE ( `lang` = 'zh-cn' ) 
NOTIC: [2] Invalid argument supplied for foreach() /mnt/lijiaweb/Home/Lib/Model/LawscountryModel.class.php 第 10 行.
SQL: SHOW COLUMNS FROM `lj_lawstype` [ RunTime:0.000302s ]
ERR: 1146:Table 'lijiawebdb.lj_lawstype' doesn't exist
 [ SQL语句 ] : SHOW COLUMNS FROM `lj_lawstype`
NOTIC: [8] Undefined variable: lang /mnt/lijiaweb/Home/Lib/Action/LawssystemAction.class.php 第 24 行.
SQL: SELECT * FROM `lj_lawstype` WHERE ( `lang` = 'zh-cn' )  [ RunTime:0.000120s ]
ERR: 1146:Table 'lijiawebdb.lj_lawstype' doesn't exist
 [ SQL语句 ] : SELECT * FROM `lj_lawstype` WHERE ( `lang` = 'zh-cn' ) 
NOTIC: [2] Invalid argument supplied for foreach() /mnt/lijiaweb/Home/Lib/Action/LawssystemAction.class.php 第 73 行.
SQL: SHOW COLUMNS FROM `lj_lawsmodule` [ RunTime:0.000304s ]
ERR: 1146:Table 'lijiawebdb.lj_lawsmodule' doesn't exist
 [ SQL语句 ] : SHOW COLUMNS FROM `lj_lawsmodule`
NOTIC: [8] Undefined variable: lang /mnt/lijiaweb/Home/Lib/Action/LawssystemAction.class.php 第 31 行.
SQL: SELECT * FROM `lj_lawsmodule` WHERE ( `lang` = 'zh-cn' )  [ RunTime:0.000100s ]
ERR: 1146:Table 'lijiawebdb.lj_lawsmodule' doesn't exist
 [ SQL语句 ] : SELECT * FROM `lj_lawsmodule` WHERE ( `lang` = 'zh-cn' ) 
NOTIC: [2] Invalid argument supplied for foreach() /mnt/lijiaweb/Home/Lib/Model/LawsmoduleModel.class.php 第 10 行.
NOTIC: [2] Invalid argument supplied for foreach() /mnt/lijiaweb/Home/Lib/Action/LawssystemAction.class.php 第 91 行.
INFO: [ view_parse ] --START--
NOTIC: [8] Undefined variable: info /mnt/lijiaweb/Cache/Runtime/Home/Cache/a06127ee8c5c0c2c83ccd2ea0527aecb.php 第 5 行.
NOTIC: [8] Undefined variable: info /mnt/lijiaweb/Cache/Runtime/Home/Cache/a06127ee8c5c0c2c83ccd2ea0527aecb.php 第 6 行.
INFO: ParseTemplate Behavior ::run [ RunTime:0.010484s ]
INFO: [ view_parse ] --END-- [ RunTime:0.010543s ]
INFO: [ view_filter ] --START--
INFO: ContentReplace Behavior ::run [ RunTime:0.000243s ]
INFO: TokenBuild Behavior ::run [ RunTime:0.000256s ]
INFO: WriteHtmlCache Behavior ::run [ RunTime:0.000134s ]
INFO: ShowRuntime Behavior ::run [ RunTime:0.000246s ]
INFO: [ view_filter ] --END-- [ RunTime:0.000997s ]
INFO: [ view_end ] --START--
INFO: ShowPageTrace Behavior ::run [ RunTime:0.000360s ]
INFO: [ view_end ] --END-- [ RunTime:0.000400s ]

[ 2015-03-18T05:03:54+08:00 ] 66.249.65.193 /index.php/member/index
INFO: [ route_check ] --START--
INFO: CheckRoute Behavior ::run [ RunTime:0.000446s ]
INFO: [ route_check ] --END-- [ RunTime:0.000504s ]
INFO: [ app_begin ] --START--
INFO: ReadHtmlCache Behavior ::run [ RunTime:0.000521s ]
INFO: CheckLang Behavior ::run [ RunTime:0.000528s ]
INFO: [ app_begin ] --END-- [ RunTime:0.001160s ]
INFO: [ view_parse ] --START--
NOTIC: [8] Use of undefined constant HTTP_HOST - assumed 'HTTP_HOST' /mnt/lijiaweb/Cache/Runtime/Home/Cache/224a660b6f26dc9756006f74fee09fe5.php 第 64 行.
INFO: ParseTemplate Behavior ::run [ RunTime:0.005213s ]
INFO: [ view_parse ] --END-- [ RunTime:0.005262s ]
INFO: [ view_filter ] --START--
INFO: ContentReplace Behavior ::run [ RunTime:0.000194s ]
INFO: TokenBuild Behavior ::run [ RunTime:0.000214s ]
INFO: WriteHtmlCache Behavior ::run [ RunTime:0.000129s ]
INFO: ShowRuntime Behavior ::run [ RunTime:0.000246s ]
INFO: [ view_filter ] --END-- [ RunTime:0.000899s ]
INFO: [ view_end ] --START--
INFO: ShowPageTrace Behavior ::run [ RunTime:0.000349s ]
INFO: [ view_end ] --END-- [ RunTime:0.000389s ]

[ 2015-03-18T05:15:31+08:00 ] 66.249.65.189 /index.php/project/index
INFO: [ route_check ] --START--
INFO: CheckRoute Behavior ::run [ RunTime:0.000473s ]
INFO: [ route_check ] --END-- [ RunTime:0.000533s ]
INFO: [ app_begin ] --START--
INFO: ReadHtmlCache Behavior ::run [ RunTime:0.000328s ]
INFO: CheckLang Behavior ::run [ RunTime:0.000414s ]
INFO: [ app_begin ] --END-- [ RunTime:0.000814s ]
SQL: SHOW COLUMNS FROM `lj_ad` [ RunTime:0.000724s ]
SQL: SELECT * FROM `lj_ad` WHERE ( `lang` = 'zh-cn' ) AND ( `position` = 'all' ) ORDER BY sort DESC  [ RunTime:0.000242s ]
INFO: [ view_parse ] --START--
NOTIC: [8] Undefined variable: info /mnt/lijiaweb/Cache/Runtime/Home/Cache/1407d7899df32763d34ea187e9bb603e.php 第 5 行.
NOTIC: [8] Undefined variable: info /mnt/lijiaweb/Cache/Runtime/Home/Cache/1407d7899df32763d34ea187e9bb603e.php 第 6 行.
INFO: ParseTemplate Behavior ::run [ RunTime:0.006166s ]
INFO: [ view_parse ] --END-- [ RunTime:0.006213s ]
INFO: [ view_filter ] --START--
INFO: ContentReplace Behavior ::run [ RunTime:0.000199s ]
INFO: TokenBuild Behavior ::run [ RunTime:0.000239s ]
INFO: WriteHtmlCache Behavior ::run [ RunTime:0.000139s ]
INFO: ShowRuntime Behavior ::run [ RunTime:0.000256s ]
INFO: [ view_filter ] --END-- [ RunTime:0.000948s ]
INFO: [ view_end ] --START--
INFO: ShowPageTrace Behavior ::run [ RunTime:0.000366s ]
INFO: [ view_end ] --END-- [ RunTime:0.000425s ]

[ 2015-03-18T10:23:27+08:00 ] 163.177.69.38 /index.php/index/index
INFO: [ route_check ] --START--
INFO: CheckRoute Behavior ::run [ RunTime:0.000491s ]
INFO: [ route_check ] --END-- [ RunTime:0.000552s ]
INFO: [ app_begin ] --START--
INFO: ReadHtmlCache Behavior ::run [ RunTime:0.000298s ]
INFO: CheckLang Behavior ::run [ RunTime:0.000452s ]
INFO: [ app_begin ] --END-- [ RunTime:0.000826s ]
SQL: SHOW COLUMNS FROM `lj_ad` [ RunTime:0.000689s ]
SQL: SELECT * FROM `lj_ad` WHERE ( `lang` = 'zh-cn' ) AND ( `position` = 'index' ) ORDER BY sort DESC  [ RunTime:0.000223s ]
INFO: [ view_parse ] --START--
NOTIC: [8] Undefined variable: info /mnt/lijiaweb/Cache/Runtime/Home/Cache/71191d06e3a1515d6f2539df23c89c2b.php 第 5 行.
NOTIC: [8] Undefined variable: info /mnt/lijiaweb/Cache/Runtime/Home/Cache/71191d06e3a1515d6f2539df23c89c2b.php 第 6 行.
INFO: ParseTemplate Behavior ::run [ RunTime:0.010468s ]
INFO: [ view_parse ] --END-- [ RunTime:0.010513s ]
INFO: [ view_filter ] --START--
INFO: ContentReplace Behavior ::run [ RunTime:0.000254s ]
INFO: TokenBuild Behavior ::run [ RunTime:0.000250s ]
INFO: WriteHtmlCache Behavior ::run [ RunTime:0.000132s ]
INFO: ShowRuntime Behavior ::run [ RunTime:0.000295s ]
INFO: [ view_filter ] --END-- [ RunTime:0.001047s ]
INFO: [ view_end ] --START--
INFO: ShowPageTrace Behavior ::run [ RunTime:0.000339s ]
INFO: [ view_end ] --END-- [ RunTime:0.000377s ]

