[ 2015-03-18T08:59:28+08:00 ] 124.64.126.104 /system.php/public/verify_code
INFO: [ route_check ] --START--
INFO: CheckRoute Behavior ::run [ RunTime:0.000474s ]
INFO: [ route_check ] --END-- [ RunTime:0.000535s ]
INFO: [ app_begin ] --START--
INFO: ReadHtmlCache Behavior ::run [ RunTime:0.000318s ]
INFO: [ app_begin ] --END-- [ RunTime:0.000371s ]

[ 2015-03-18T10:23:04+08:00 ] 124.64.126.104 /system.php/public/index
INFO: [ route_check ] --START--
INFO: CheckRoute Behavior ::run [ RunTime:0.000467s ]
INFO: [ route_check ] --END-- [ RunTime:0.000532s ]
INFO: [ app_begin ] --START--
INFO: ReadHtmlCache Behavior ::run [ RunTime:0.000313s ]
INFO: [ app_begin ] --END-- [ RunTime:0.000355s ]
INFO: [ view_parse ] --START--
NOTIC: [8] Undefined index: name /mnt/lijiaweb/Cache/Runtime/Admin/Cache/cc4b0a749ca5cccb40c3abc8a077ff27.php 第 5 行.
NOTIC: [8] Undefined variable: addCss /mnt/lijiaweb/Cache/Runtime/Admin/Cache/cc4b0a749ca5cccb40c3abc8a077ff27.php 第 9 行.
NOTIC: [8] Undefined variable: addJs /mnt/lijiaweb/Cache/Runtime/Admin/Cache/cc4b0a749ca5cccb40c3abc8a077ff27.php 第 15 行.
INFO: ParseTemplate Behavior ::run [ RunTime:0.005389s ]
INFO: [ view_parse ] --END-- [ RunTime:0.005431s ]
INFO: [ view_filter ] --START--
INFO: ContentReplace Behavior ::run [ RunTime:0.000222s ]
INFO: TokenBuild Behavior ::run [ RunTime:0.000252s ]
INFO: WriteHtmlCache Behavior ::run [ RunTime:0.000136s ]
INFO: ShowRuntime Behavior ::run [ RunTime:0.000249s ]
INFO: [ view_filter ] --END-- [ RunTime:0.000981s ]
INFO: [ view_end ] --START--
INFO: ShowPageTrace Behavior ::run [ RunTime:0.000367s ]
INFO: [ view_end ] --END-- [ RunTime:0.000405s ]

[ 2015-03-18T10:23:04+08:00 ] 124.64.126.104 /system.php/public/verify_code
INFO: [ route_check ] --START--
INFO: CheckRoute Behavior ::run [ RunTime:0.000464s ]
INFO: [ route_check ] --END-- [ RunTime:0.000545s ]
INFO: [ app_begin ] --START--
INFO: ReadHtmlCache Behavior ::run [ RunTime:0.000296s ]
INFO: [ app_begin ] --END-- [ RunTime:0.000338s ]

[ 2015-03-18T10:23:27+08:00 ] 124.64.126.104 /system.php/public/verify_code?rand=0.7986075274864411
INFO: [ route_check ] --START--
INFO: CheckRoute Behavior ::run [ RunTime:0.000457s ]
INFO: [ route_check ] --END-- [ RunTime:0.000518s ]
INFO: [ app_begin ] --START--
INFO: ReadHtmlCache Behavior ::run [ RunTime:0.000312s ]
INFO: [ app_begin ] --END-- [ RunTime:0.000354s ]

[ 2015-03-18T10:23:33+08:00 ] 124.64.126.104 /system.php/public/index
INFO: [ route_check ] --START--
INFO: CheckRoute Behavior ::run [ RunTime:0.000470s ]
INFO: [ route_check ] --END-- [ RunTime:0.000530s ]
INFO: [ app_begin ] --START--
INFO: ReadHtmlCache Behavior ::run [ RunTime:0.000295s ]
INFO: [ app_begin ] --END-- [ RunTime:0.000335s ]
SQL: SHOW COLUMNS FROM `lj_public` [ RunTime:0.000492s ]
ERR: 1146:Table 'lijiawebdb.lj_public' doesn't exist
 [ SQL语句 ] : SHOW COLUMNS FROM `lj_public`
NOTIC: [2] Missing argument 1 for PublicModel::auth(), called in /mnt/lijiaweb/Admin/Lib/Action/PublicAction.class.php on line 34 and defined /mnt/lijiaweb/Admin/Lib/Model/PublicModel.class.php 第 5 行.
SQL: SHOW COLUMNS FROM `lj_admin` [ RunTime:0.000500s ]
SQL: SELECT COUNT(*) AS tp_count FROM `lj_admin` WHERE ( `email`='123@126.com' ) LIMIT 1   [ RunTime:0.000181s ]
SQL: SELECT * FROM `lj_admin` WHERE ( `email`='123@126.com' ) LIMIT 1   [ RunTime:0.000142s ]
NOTIC: 建议使用I方法替代_post
SQL: SELECT * FROM `lj_admin` WHERE ( `email` = '123@126.com' ) LIMIT 1   [ RunTime:0.000144s ]
NOTIC: [8] Undefined index: username /mnt/lijiaweb/Admin/Lib/Action/PublicAction.class.php 第 50 行.
NOTIC: [8] Undefined index: username /mnt/lijiaweb/Admin/Lib/Action/PublicAction.class.php 第 52 行.
NOTIC: [8] Undefined index: username /mnt/lijiaweb/Admin/Lib/Action/PublicAction.class.php 第 54 行.
NOTIC: [8] Undefined index: username /mnt/lijiaweb/Admin/Lib/Action/PublicAction.class.php 第 56 行.
SQL: SHOW COLUMNS FROM `lj_admin_log` [ RunTime:0.000319s ]
ERR: 1146:Table 'lijiawebdb.lj_admin_log' doesn't exist
 [ SQL语句 ] : SHOW COLUMNS FROM `lj_admin_log`
SQL: INSERT INTO `lj_admin_log` (`l_name`,`admin_id`,`admin_name`,`l_cz`,`l_content`,`add_time`) VALUES ('管理员[]于[2015-03-18 10:23:33]登录了[28自习网]后台管理系统！','1',null,'登录','管理员[]于[2015-03-18 10:23:33]登录了[28自习网]后台管理系统！',1426645413) [ RunTime:0.000120s ]
ERR: 1146:Table 'lijiawebdb.lj_admin_log' doesn't exist
 [ SQL语句 ] : INSERT INTO `lj_admin_log` (`l_name`,`admin_id`,`admin_name`,`l_cz`,`l_content`,`add_time`) VALUES ('管理员[]于[2015-03-18 10:23:33]登录了[28自习网]后台管理系统！','1',null,'登录','管理员[]于[2015-03-18 10:23:33]登录了[28自习网]后台管理系统！',1426645413)

[ 2015-03-18T10:23:35+08:00 ] 124.64.126.104 /system.php/public/index
INFO: [ route_check ] --START--
INFO: CheckRoute Behavior ::run [ RunTime:0.000455s ]
INFO: [ route_check ] --END-- [ RunTime:0.000519s ]
INFO: [ app_begin ] --START--
INFO: ReadHtmlCache Behavior ::run [ RunTime:0.000315s ]
INFO: [ app_begin ] --END-- [ RunTime:0.000358s ]

[ 2015-03-18T10:23:35+08:00 ] 124.64.126.104 /system.php/index/index
INFO: [ route_check ] --START--
INFO: CheckRoute Behavior ::run [ RunTime:0.000445s ]
INFO: [ route_check ] --END-- [ RunTime:0.000495s ]
INFO: [ app_begin ] --START--
INFO: ReadHtmlCache Behavior ::run [ RunTime:0.000284s ]
INFO: [ app_begin ] --END-- [ RunTime:0.000327s ]
INFO: [ view_parse ] --START--
NOTIC: [8] Undefined variable: caches /mnt/lijiaweb/Cache/Runtime/Admin/Cache/20eabf8d43f497715f3e1a7ec1a2f00f.php 第 55 行.
NOTIC: [8] Undefined variable: tip_del /mnt/lijiaweb/Cache/Runtime/Admin/Cache/20eabf8d43f497715f3e1a7ec1a2f00f.php 第 56 行.
INFO: ParseTemplate Behavior ::run [ RunTime:0.007740s ]
INFO: [ view_parse ] --END-- [ RunTime:0.007786s ]
INFO: [ view_filter ] --START--
INFO: ContentReplace Behavior ::run [ RunTime:0.000212s ]
INFO: TokenBuild Behavior ::run [ RunTime:0.000245s ]
INFO: WriteHtmlCache Behavior ::run [ RunTime:0.000130s ]
INFO: ShowRuntime Behavior ::run [ RunTime:0.000246s ]
INFO: [ view_filter ] --END-- [ RunTime:0.000950s ]
INFO: [ view_end ] --START--
INFO: ShowPageTrace Behavior ::run [ RunTime:0.000358s ]
INFO: [ view_end ] --END-- [ RunTime:0.000397s ]

[ 2015-03-18T10:23:35+08:00 ] 124.64.126.104 /system.php/sys_data/backup
INFO: [ route_check ] --START--
INFO: CheckRoute Behavior ::run [ RunTime:0.000471s ]
INFO: [ route_check ] --END-- [ RunTime:0.000532s ]
INFO: [ app_begin ] --START--
INFO: ReadHtmlCache Behavior ::run [ RunTime:0.000329s ]
INFO: [ app_begin ] --END-- [ RunTime:0.000369s ]
SQL: SHOW COLUMNS FROM `lj_sys_data` [ RunTime:0.000503s ]
ERR: 1146:Table 'lijiawebdb.lj_sys_data' doesn't exist
 [ SQL语句 ] : SHOW COLUMNS FROM `lj_sys_data`
SQL: SHOW TABLE STATUS [ RunTime:0.000645s ]

[ 2015-03-18T10:29:29+08:00 ] 101.226.33.220 /system.php/public/index
INFO: [ route_check ] --START--
INFO: CheckRoute Behavior ::run [ RunTime:0.000478s ]
INFO: [ route_check ] --END-- [ RunTime:0.000540s ]
INFO: [ app_begin ] --START--
INFO: ReadHtmlCache Behavior ::run [ RunTime:0.000307s ]
INFO: [ app_begin ] --END-- [ RunTime:0.000350s ]
INFO: [ view_parse ] --START--
NOTIC: [8] Undefined index: name /mnt/lijiaweb/Cache/Runtime/Admin/Cache/cc4b0a749ca5cccb40c3abc8a077ff27.php 第 5 行.
NOTIC: [8] Undefined variable: addCss /mnt/lijiaweb/Cache/Runtime/Admin/Cache/cc4b0a749ca5cccb40c3abc8a077ff27.php 第 9 行.
NOTIC: [8] Undefined variable: addJs /mnt/lijiaweb/Cache/Runtime/Admin/Cache/cc4b0a749ca5cccb40c3abc8a077ff27.php 第 15 行.
INFO: ParseTemplate Behavior ::run [ RunTime:0.005636s ]
INFO: [ view_parse ] --END-- [ RunTime:0.005691s ]
INFO: [ view_filter ] --START--
INFO: ContentReplace Behavior ::run [ RunTime:0.000226s ]
INFO: TokenBuild Behavior ::run [ RunTime:0.000260s ]
INFO: WriteHtmlCache Behavior ::run [ RunTime:0.000135s ]
INFO: ShowRuntime Behavior ::run [ RunTime:0.000258s ]
INFO: [ view_filter ] --END-- [ RunTime:0.000996s ]
INFO: [ view_end ] --START--
INFO: ShowPageTrace Behavior ::run [ RunTime:0.000360s ]
INFO: [ view_end ] --END-- [ RunTime:0.000397s ]

[ 2015-03-18T10:30:28+08:00 ] 101.226.65.102 /system.php/index/index
INFO: [ route_check ] --START--
INFO: CheckRoute Behavior ::run [ RunTime:0.000475s ]
INFO: [ route_check ] --END-- [ RunTime:0.000535s ]
INFO: [ app_begin ] --START--
INFO: ReadHtmlCache Behavior ::run [ RunTime:0.000339s ]
INFO: [ app_begin ] --END-- [ RunTime:0.000381s ]

[ 2015-03-18T10:30:28+08:00 ] 101.226.65.102 /system.php/public/index
INFO: [ route_check ] --START--
INFO: CheckRoute Behavior ::run [ RunTime:0.000457s ]
INFO: [ route_check ] --END-- [ RunTime:0.000515s ]
INFO: [ app_begin ] --START--
INFO: ReadHtmlCache Behavior ::run [ RunTime:0.000322s ]
INFO: [ app_begin ] --END-- [ RunTime:0.000365s ]
INFO: [ view_parse ] --START--
NOTIC: [8] Undefined index: name /mnt/lijiaweb/Cache/Runtime/Admin/Cache/cc4b0a749ca5cccb40c3abc8a077ff27.php 第 5 行.
NOTIC: [8] Undefined variable: addCss /mnt/lijiaweb/Cache/Runtime/Admin/Cache/cc4b0a749ca5cccb40c3abc8a077ff27.php 第 9 行.
NOTIC: [8] Undefined variable: addJs /mnt/lijiaweb/Cache/Runtime/Admin/Cache/cc4b0a749ca5cccb40c3abc8a077ff27.php 第 15 行.
INFO: ParseTemplate Behavior ::run [ RunTime:0.005362s ]
INFO: [ view_parse ] --END-- [ RunTime:0.005405s ]
INFO: [ view_filter ] --START--
INFO: ContentReplace Behavior ::run [ RunTime:0.000203s ]
INFO: TokenBuild Behavior ::run [ RunTime:0.000251s ]
INFO: WriteHtmlCache Behavior ::run [ RunTime:0.000162s ]
INFO: ShowRuntime Behavior ::run [ RunTime:0.000254s ]
INFO: [ view_filter ] --END-- [ RunTime:0.000983s ]
INFO: [ view_end ] --START--
INFO: ShowPageTrace Behavior ::run [ RunTime:0.000357s ]
INFO: [ view_end ] --END-- [ RunTime:0.000395s ]

