[ 2015-03-17T09:27:59+08:00 ] 115.236.159.162 /system.php/public/index
INFO: [ route_check ] --START--
INFO: CheckRoute Behavior ::run [ RunTime:0.000514s ]
INFO: [ route_check ] --END-- [ RunTime:0.000574s ]
INFO: [ app_begin ] --START--
INFO: ReadHtmlCache Behavior ::run [ RunTime:0.000323s ]
INFO: [ app_begin ] --END-- [ RunTime:0.000364s ]
INFO: [ view_parse ] --START--
NOTIC: [8] Undefined index: name /mnt/lijiaweb/Cache/Runtime/Admin/Cache/cc4b0a749ca5cccb40c3abc8a077ff27.php 第 5 行.
NOTIC: [8] Undefined variable: addCss /mnt/lijiaweb/Cache/Runtime/Admin/Cache/cc4b0a749ca5cccb40c3abc8a077ff27.php 第 9 行.
NOTIC: [8] Undefined variable: addJs /mnt/lijiaweb/Cache/Runtime/Admin/Cache/cc4b0a749ca5cccb40c3abc8a077ff27.php 第 15 行.
INFO: ParseTemplate Behavior ::run [ RunTime:0.005148s ]
INFO: [ view_parse ] --END-- [ RunTime:0.005190s ]
INFO: [ view_filter ] --START--
INFO: ContentReplace Behavior ::run [ RunTime:0.000216s ]
INFO: TokenBuild Behavior ::run [ RunTime:0.000230s ]
INFO: WriteHtmlCache Behavior ::run [ RunTime:0.000129s ]
INFO: ShowRuntime Behavior ::run [ RunTime:0.000267s ]
INFO: [ view_filter ] --END-- [ RunTime:0.000957s ]
INFO: [ view_end ] --START--
INFO: ShowPageTrace Behavior ::run [ RunTime:0.000350s ]
INFO: [ view_end ] --END-- [ RunTime:0.000388s ]

[ 2015-03-17T09:28:00+08:00 ] 115.236.159.162 /system.php/public/verify_code
INFO: [ route_check ] --START--
INFO: CheckRoute Behavior ::run [ RunTime:0.000456s ]
INFO: [ route_check ] --END-- [ RunTime:0.000515s ]
INFO: [ app_begin ] --START--
INFO: ReadHtmlCache Behavior ::run [ RunTime:0.000296s ]
INFO: [ app_begin ] --END-- [ RunTime:0.000347s ]

[ 2015-03-17T09:42:44+08:00 ] 124.64.126.104 /system.php/public/index
INFO: [ route_check ] --START--
INFO: CheckRoute Behavior ::run [ RunTime:0.000454s ]
INFO: [ route_check ] --END-- [ RunTime:0.000535s ]
INFO: [ app_begin ] --START--
INFO: ReadHtmlCache Behavior ::run [ RunTime:0.000341s ]
INFO: [ app_begin ] --END-- [ RunTime:0.000383s ]
INFO: [ view_parse ] --START--
NOTIC: [8] Undefined index: name /mnt/lijiaweb/Cache/Runtime/Admin/Cache/cc4b0a749ca5cccb40c3abc8a077ff27.php 第 5 行.
NOTIC: [8] Undefined variable: addCss /mnt/lijiaweb/Cache/Runtime/Admin/Cache/cc4b0a749ca5cccb40c3abc8a077ff27.php 第 9 行.
NOTIC: [8] Undefined variable: addJs /mnt/lijiaweb/Cache/Runtime/Admin/Cache/cc4b0a749ca5cccb40c3abc8a077ff27.php 第 15 行.
INFO: ParseTemplate Behavior ::run [ RunTime:0.005226s ]
INFO: [ view_parse ] --END-- [ RunTime:0.005268s ]
INFO: [ view_filter ] --START--
INFO: ContentReplace Behavior ::run [ RunTime:0.000206s ]
INFO: TokenBuild Behavior ::run [ RunTime:0.000265s ]
INFO: WriteHtmlCache Behavior ::run [ RunTime:0.000130s ]
INFO: ShowRuntime Behavior ::run [ RunTime:0.000285s ]
INFO: [ view_filter ] --END-- [ RunTime:0.001016s ]
INFO: [ view_end ] --START--
INFO: ShowPageTrace Behavior ::run [ RunTime:0.000375s ]
INFO: [ view_end ] --END-- [ RunTime:0.000417s ]

[ 2015-03-17T09:42:44+08:00 ] 124.64.126.104 /system.php/public/verify_code
INFO: [ route_check ] --START--
INFO: CheckRoute Behavior ::run [ RunTime:0.000443s ]
INFO: [ route_check ] --END-- [ RunTime:0.000503s ]
INFO: [ app_begin ] --START--
INFO: ReadHtmlCache Behavior ::run [ RunTime:0.000318s ]
INFO: [ app_begin ] --END-- [ RunTime:0.000360s ]

[ 2015-03-17T09:43:13+08:00 ] 124.64.126.104 /system.php/public/index
INFO: [ route_check ] --START--
INFO: CheckRoute Behavior ::run [ RunTime:0.000450s ]
INFO: [ route_check ] --END-- [ RunTime:0.000510s ]
INFO: [ app_begin ] --START--
INFO: ReadHtmlCache Behavior ::run [ RunTime:0.000309s ]
INFO: [ app_begin ] --END-- [ RunTime:0.000349s ]
SQL: SHOW COLUMNS FROM `lj_public` [ RunTime:0.000560s ]
ERR: 1146:Table 'lijiawebdb.lj_public' doesn't exist
 [ SQL语句 ] : SHOW COLUMNS FROM `lj_public`
NOTIC: [2] Missing argument 1 for PublicModel::auth(), called in /mnt/lijiaweb/Admin/Lib/Action/PublicAction.class.php on line 34 and defined /mnt/lijiaweb/Admin/Lib/Model/PublicModel.class.php 第 5 行.
SQL: SHOW COLUMNS FROM `lj_admin` [ RunTime:0.000574s ]
SQL: SELECT COUNT(*) AS tp_count FROM `lj_admin` WHERE ( `email`='123@126.com' ) LIMIT 1   [ RunTime:0.000180s ]
SQL: SELECT * FROM `lj_admin` WHERE ( `email`='123@126.com' ) LIMIT 1   [ RunTime:0.000149s ]
NOTIC: 建议使用I方法替代_post
SQL: SELECT * FROM `lj_admin` WHERE ( `email` = '123@126.com' ) LIMIT 1   [ RunTime:0.000149s ]
NOTIC: [8] Undefined index: username /mnt/lijiaweb/Admin/Lib/Action/PublicAction.class.php 第 50 行.
NOTIC: [8] Undefined index: username /mnt/lijiaweb/Admin/Lib/Action/PublicAction.class.php 第 52 行.
NOTIC: [8] Undefined index: username /mnt/lijiaweb/Admin/Lib/Action/PublicAction.class.php 第 54 行.
NOTIC: [8] Undefined index: username /mnt/lijiaweb/Admin/Lib/Action/PublicAction.class.php 第 56 行.
SQL: SHOW COLUMNS FROM `lj_admin_log` [ RunTime:0.000321s ]
ERR: 1146:Table 'lijiawebdb.lj_admin_log' doesn't exist
 [ SQL语句 ] : SHOW COLUMNS FROM `lj_admin_log`
SQL: INSERT INTO `lj_admin_log` (`l_name`,`admin_id`,`admin_name`,`l_cz`,`l_content`,`add_time`) VALUES ('管理员[]于[2015-03-17 09:43:13]登录了[28自习网]后台管理系统！','1',null,'登录','管理员[]于[2015-03-17 09:43:13]登录了[28自习网]后台管理系统！',1426556593) [ RunTime:0.000121s ]
ERR: 1146:Table 'lijiawebdb.lj_admin_log' doesn't exist
 [ SQL语句 ] : INSERT INTO `lj_admin_log` (`l_name`,`admin_id`,`admin_name`,`l_cz`,`l_content`,`add_time`) VALUES ('管理员[]于[2015-03-17 09:43:13]登录了[28自习网]后台管理系统！','1',null,'登录','管理员[]于[2015-03-17 09:43:13]登录了[28自习网]后台管理系统！',1426556593)

[ 2015-03-17T09:43:15+08:00 ] 124.64.126.104 /system.php/public/index
INFO: [ route_check ] --START--
INFO: CheckRoute Behavior ::run [ RunTime:0.000475s ]
INFO: [ route_check ] --END-- [ RunTime:0.000537s ]
INFO: [ app_begin ] --START--
INFO: ReadHtmlCache Behavior ::run [ RunTime:0.000306s ]
INFO: [ app_begin ] --END-- [ RunTime:0.000349s ]

[ 2015-03-17T09:43:15+08:00 ] 124.64.126.104 /system.php/index/index
INFO: [ route_check ] --START--
INFO: CheckRoute Behavior ::run [ RunTime:0.000429s ]
INFO: [ route_check ] --END-- [ RunTime:0.000481s ]
INFO: [ app_begin ] --START--
INFO: ReadHtmlCache Behavior ::run [ RunTime:0.000305s ]
INFO: [ app_begin ] --END-- [ RunTime:0.000348s ]
INFO: [ view_parse ] --START--
NOTIC: [8] Undefined variable: caches /mnt/lijiaweb/Cache/Runtime/Admin/Cache/20eabf8d43f497715f3e1a7ec1a2f00f.php 第 55 行.
NOTIC: [8] Undefined variable: tip_del /mnt/lijiaweb/Cache/Runtime/Admin/Cache/20eabf8d43f497715f3e1a7ec1a2f00f.php 第 56 行.
INFO: ParseTemplate Behavior ::run [ RunTime:0.007858s ]
INFO: [ view_parse ] --END-- [ RunTime:0.007901s ]
INFO: [ view_filter ] --START--
INFO: ContentReplace Behavior ::run [ RunTime:0.000217s ]
INFO: TokenBuild Behavior ::run [ RunTime:0.000227s ]
INFO: WriteHtmlCache Behavior ::run [ RunTime:0.000131s ]
INFO: ShowRuntime Behavior ::run [ RunTime:0.000265s ]
INFO: [ view_filter ] --END-- [ RunTime:0.000960s ]
INFO: [ view_end ] --START--
INFO: ShowPageTrace Behavior ::run [ RunTime:0.000353s ]
INFO: [ view_end ] --END-- [ RunTime:0.000391s ]

[ 2015-03-17T09:43:16+08:00 ] 124.64.126.104 /system.php/sys_data/backup
INFO: [ route_check ] --START--
INFO: CheckRoute Behavior ::run [ RunTime:0.000476s ]
INFO: [ route_check ] --END-- [ RunTime:0.000536s ]
INFO: [ app_begin ] --START--
INFO: ReadHtmlCache Behavior ::run [ RunTime:0.000298s ]
INFO: [ app_begin ] --END-- [ RunTime:0.000338s ]
SQL: SHOW COLUMNS FROM `lj_sys_data` [ RunTime:0.000465s ]
ERR: 1146:Table 'lijiawebdb.lj_sys_data' doesn't exist
 [ SQL语句 ] : SHOW COLUMNS FROM `lj_sys_data`
SQL: SHOW TABLE STATUS [ RunTime:0.001376s ]

[ 2015-03-17T09:43:57+08:00 ] 124.64.126.104 /system.php/news/index
INFO: [ route_check ] --START--
INFO: CheckRoute Behavior ::run [ RunTime:0.000502s ]
INFO: [ route_check ] --END-- [ RunTime:0.000565s ]
INFO: [ app_begin ] --START--
INFO: ReadHtmlCache Behavior ::run [ RunTime:0.000297s ]
INFO: [ app_begin ] --END-- [ RunTime:0.000338s ]
SQL: SHOW COLUMNS FROM `lj_news` [ RunTime:0.000957s ]
NOTIC: 建议使用I方法替代_get
NOTIC: 建议使用I方法替代_get
NOTIC: 建议使用I方法替代_get
NOTIC: 建议使用I方法替代_get
SQL: SELECT COUNT(*) AS tp_count FROM `lj_news` LIMIT 1   [ RunTime:0.000130s ]
SQL: SHOW COLUMNS FROM `lj_news` [ RunTime:0.000530s ]
SQL: SELECT `id`,`title`,`status`,`published`,`cid`,`aid`,`is_recommend`,`lang` FROM `lj_news` ORDER BY `published` DESC LIMIT 0 , 12   [ RunTime:0.000180s ]
SQL: SHOW COLUMNS FROM `lj_admin` [ RunTime:0.000450s ]
SQL: SELECT `aid`,`email`,`nickname` FROM `lj_admin`  [ RunTime:0.000120s ]
SQL: SHOW COLUMNS FROM `lj_category` [ RunTime:0.000420s ]
SQL: SELECT `cid`,`name` FROM `lj_category` WHERE ( `type` = 'n' )  [ RunTime:0.000155s ]
NOTIC: [2] Invalid argument supplied for foreach() /mnt/lijiaweb/Admin/Lib/Model/NewsModel.class.php 第 20 行.
SQL: SHOW COLUMNS FROM `lj_category` [ RunTime:0.000393s ]
SQL: SELECT * FROM `lj_category` WHERE ( `type` = 'n' )  [ RunTime:0.000161s ]
SQL: SELECT * FROM `lj_category` WHERE ( `type` = 'n' )  [ RunTime:0.000139s ]
INFO: [ view_parse ] --START--
NOTIC: [8] Undefined index: title /mnt/lijiaweb/Cache/Runtime/Admin/Cache/d3b5b5fcdd16b0cc54b5c023ccef8190.php 第 75 行.
INFO: ParseTemplate Behavior ::run [ RunTime:0.010327s ]
INFO: [ view_parse ] --END-- [ RunTime:0.010392s ]
INFO: [ view_filter ] --START--
INFO: ContentReplace Behavior ::run [ RunTime:0.000255s ]
INFO: TokenBuild Behavior ::run [ RunTime:0.000260s ]
INFO: WriteHtmlCache Behavior ::run [ RunTime:0.000141s ]
INFO: ShowRuntime Behavior ::run [ RunTime:0.000250s ]
INFO: [ view_filter ] --END-- [ RunTime:0.001023s ]
INFO: [ view_end ] --START--
INFO: ShowPageTrace Behavior ::run [ RunTime:0.000374s ]
INFO: [ view_end ] --END-- [ RunTime:0.000416s ]

[ 2015-03-17T09:47:03+08:00 ] 124.64.126.104 /system.php/news/index
INFO: [ route_check ] --START--
INFO: CheckRoute Behavior ::run [ RunTime:0.000477s ]
INFO: [ route_check ] --END-- [ RunTime:0.000538s ]
INFO: [ app_begin ] --START--
INFO: ReadHtmlCache Behavior ::run [ RunTime:0.000337s ]
INFO: [ app_begin ] --END-- [ RunTime:0.000397s ]
SQL: SHOW COLUMNS FROM `lj_news` [ RunTime:0.000975s ]
NOTIC: 建议使用I方法替代_get
NOTIC: 建议使用I方法替代_get
NOTIC: 建议使用I方法替代_get
NOTIC: 建议使用I方法替代_get
SQL: SELECT COUNT(*) AS tp_count FROM `lj_news` LIMIT 1   [ RunTime:0.000130s ]
SQL: SHOW COLUMNS FROM `lj_news` [ RunTime:0.000527s ]
SQL: SELECT `id`,`title`,`status`,`published`,`cid`,`aid`,`is_recommend`,`lang` FROM `lj_news` ORDER BY `published` DESC LIMIT 0 , 12   [ RunTime:0.000136s ]
SQL: SHOW COLUMNS FROM `lj_admin` [ RunTime:0.000436s ]
SQL: SELECT `aid`,`email`,`nickname` FROM `lj_admin`  [ RunTime:0.000121s ]
SQL: SHOW COLUMNS FROM `lj_category` [ RunTime:0.000379s ]
SQL: SELECT `cid`,`name` FROM `lj_category` WHERE ( `type` = 'n' )  [ RunTime:0.000163s ]
NOTIC: [2] Invalid argument supplied for foreach() /mnt/lijiaweb/Admin/Lib/Model/NewsModel.class.php 第 20 行.
SQL: SHOW COLUMNS FROM `lj_category` [ RunTime:0.000399s ]
SQL: SELECT * FROM `lj_category` WHERE ( `type` = 'n' )  [ RunTime:0.000165s ]
SQL: SELECT * FROM `lj_category` WHERE ( `type` = 'n' )  [ RunTime:0.000138s ]
INFO: [ view_parse ] --START--
NOTIC: [8] Undefined index: title /mnt/lijiaweb/Cache/Runtime/Admin/Cache/d3b5b5fcdd16b0cc54b5c023ccef8190.php 第 75 行.
INFO: ParseTemplate Behavior ::run [ RunTime:0.010091s ]
INFO: [ view_parse ] --END-- [ RunTime:0.010136s ]
INFO: [ view_filter ] --START--
INFO: ContentReplace Behavior ::run [ RunTime:0.000214s ]
INFO: TokenBuild Behavior ::run [ RunTime:0.000269s ]
INFO: WriteHtmlCache Behavior ::run [ RunTime:0.000131s ]
INFO: ShowRuntime Behavior ::run [ RunTime:0.000255s ]
INFO: [ view_filter ] --END-- [ RunTime:0.000982s ]
INFO: [ view_end ] --START--
INFO: ShowPageTrace Behavior ::run [ RunTime:0.000356s ]
INFO: [ view_end ] --END-- [ RunTime:0.000396s ]

[ 2015-03-17T09:47:05+08:00 ] 124.64.126.104 /system.php/news/add
INFO: [ route_check ] --START--
INFO: CheckRoute Behavior ::run [ RunTime:0.000478s ]
INFO: [ route_check ] --END-- [ RunTime:0.000538s ]
INFO: [ app_begin ] --START--
INFO: ReadHtmlCache Behavior ::run [ RunTime:0.000305s ]
INFO: [ app_begin ] --END-- [ RunTime:0.000345s ]
SQL: SHOW COLUMNS FROM `lj_news` [ RunTime:0.000928s ]
SQL: SHOW COLUMNS FROM `lj_category` [ RunTime:0.000476s ]
SQL: SELECT * FROM `lj_category` WHERE ( `type` = 'n' )  [ RunTime:0.000187s ]
INFO: [ view_parse ] --START--
NOTIC: [8] Undefined variable: info /mnt/lijiaweb/Cache/Runtime/Admin/Cache/ec807c1a29c34bb99ecf740c8dff8422.php 第 57 行.
NOTIC: [8] Undefined variable: info /mnt/lijiaweb/Cache/Runtime/Admin/Cache/ec807c1a29c34bb99ecf740c8dff8422.php 第 58 行.
NOTIC: [8] Undefined variable: info /mnt/lijiaweb/Cache/Runtime/Admin/Cache/ec807c1a29c34bb99ecf740c8dff8422.php 第 65 行.
NOTIC: [8] Undefined variable: info /mnt/lijiaweb/Cache/Runtime/Admin/Cache/ec807c1a29c34bb99ecf740c8dff8422.php 第 70 行.
NOTIC: [8] Undefined variable: info /mnt/lijiaweb/Cache/Runtime/Admin/Cache/ec807c1a29c34bb99ecf740c8dff8422.php 第 71 行.
NOTIC: [8] Use of undefined constant cid - assumed 'cid' /mnt/lijiaweb/Cache/Runtime/Admin/Cache/ec807c1a29c34bb99ecf740c8dff8422.php 第 78 行.
NOTIC: [8] Use of undefined constant cid - assumed 'cid' /mnt/lijiaweb/Cache/Runtime/Admin/Cache/ec807c1a29c34bb99ecf740c8dff8422.php 第 78 行.
NOTIC: [8] Undefined variable: info /mnt/lijiaweb/Cache/Runtime/Admin/Cache/ec807c1a29c34bb99ecf740c8dff8422.php 第 78 行.
NOTIC: [8] Use of undefined constant cid - assumed 'cid' /mnt/lijiaweb/Cache/Runtime/Admin/Cache/ec807c1a29c34bb99ecf740c8dff8422.php 第 78 行.
NOTIC: [8] Use of undefined constant cid - assumed 'cid' /mnt/lijiaweb/Cache/Runtime/Admin/Cache/ec807c1a29c34bb99ecf740c8dff8422.php 第 78 行.
NOTIC: [8] Undefined variable: info /mnt/lijiaweb/Cache/Runtime/Admin/Cache/ec807c1a29c34bb99ecf740c8dff8422.php 第 78 行.
NOTIC: [8] Use of undefined constant cid - assumed 'cid' /mnt/lijiaweb/Cache/Runtime/Admin/Cache/ec807c1a29c34bb99ecf740c8dff8422.php 第 78 行.
NOTIC: [8] Use of undefined constant cid - assumed 'cid' /mnt/lijiaweb/Cache/Runtime/Admin/Cache/ec807c1a29c34bb99ecf740c8dff8422.php 第 78 行.
NOTIC: [8] Undefined variable: info /mnt/lijiaweb/Cache/Runtime/Admin/Cache/ec807c1a29c34bb99ecf740c8dff8422.php 第 78 行.
NOTIC: [8] Undefined variable: info /mnt/lijiaweb/Cache/Runtime/Admin/Cache/ec807c1a29c34bb99ecf740c8dff8422.php 第 85 行.
NOTIC: [8] Undefined variable: info /mnt/lijiaweb/Cache/Runtime/Admin/Cache/ec807c1a29c34bb99ecf740c8dff8422.php 第 94 行.
NOTIC: [8] Undefined variable: info /mnt/lijiaweb/Cache/Runtime/Admin/Cache/ec807c1a29c34bb99ecf740c8dff8422.php 第 98 行.
NOTIC: [8] Undefined variable: info /mnt/lijiaweb/Cache/Runtime/Admin/Cache/ec807c1a29c34bb99ecf740c8dff8422.php 第 102 行.
NOTIC: [8] Undefined variable: info /mnt/lijiaweb/Cache/Runtime/Admin/Cache/ec807c1a29c34bb99ecf740c8dff8422.php 第 106 行.
NOTIC: [8] Undefined variable: info /mnt/lijiaweb/Cache/Runtime/Admin/Cache/ec807c1a29c34bb99ecf740c8dff8422.php 第 144 行.
NOTIC: [8] Undefined variable: action_url /mnt/lijiaweb/Cache/Runtime/Admin/Cache/ec807c1a29c34bb99ecf740c8dff8422.php 第 153 行.
INFO: ParseTemplate Behavior ::run [ RunTime:0.009932s ]
INFO: [ view_parse ] --END-- [ RunTime:0.009971s ]
INFO: [ view_filter ] --START--
INFO: ContentReplace Behavior ::run [ RunTime:0.000230s ]
INFO: TokenBuild Behavior ::run [ RunTime:0.000262s ]
INFO: WriteHtmlCache Behavior ::run [ RunTime:0.000138s ]
INFO: ShowRuntime Behavior ::run [ RunTime:0.000239s ]
INFO: [ view_filter ] --END-- [ RunTime:0.000981s ]
INFO: [ view_end ] --START--
INFO: ShowPageTrace Behavior ::run [ RunTime:0.000353s ]
INFO: [ view_end ] --END-- [ RunTime:0.000392s ]

